{
  "RSpec": {
    "coverage": {
      "/Users/tronkat/Turing/BackEnd/Mod3/projects/Jam_Session/app/helpers/application_helper.rb": {
        "lines": [
          1,
          null
        ]
      },
      "/Users/tronkat/Turing/BackEnd/Mod3/projects/Jam_Session/app/models/study_session.rb": {
        "lines": [
          1,
          1,
          1,
          1,
          1,
          null,
          1,
          null,
          7,
          7,
          null,
          null
        ]
      },
      "/Users/tronkat/Turing/BackEnd/Mod3/projects/Jam_Session/app/models/application_record.rb": {
        "lines": [
          1,
          1,
          null
        ]
      },
      "/Users/tronkat/Turing/BackEnd/Mod3/projects/Jam_Session/app/models/user.rb": {
        "lines": [
          1,
          1,
          1,
          null,
          1,
          null,
          1,
          null,
          1,
          2,
          2,
          null,
          null,
          1,
          2,
          2,
          null,
          null,
          1,
          null,
          12,
          2,
          null,
          null,
          1,
          5,
          5,
          null,
          null,
          1,
          5,
          5,
          null,
          null,
          1,
          2,
          2,
          2,
          2,
          null,
          null,
          1,
          17,
          17,
          17,
          17,
          17,
          null,
          null,
          null
        ]
      },
      "/Users/tronkat/Turing/BackEnd/Mod3/projects/Jam_Session/app/controllers/about_controller.rb": {
        "lines": [
          1,
          1,
          null
        ]
      },
      "/Users/tronkat/Turing/BackEnd/Mod3/projects/Jam_Session/app/controllers/application_controller.rb": {
        "lines": [
          1,
          1,
          null,
          1,
          352,
          null,
          null,
          1,
          0,
          null,
          null
        ]
      },
      "/Users/tronkat/Turing/BackEnd/Mod3/projects/Jam_Session/app/controllers/welcome_controller.rb": {
        "lines": [
          1,
          1,
          21,
          3,
          null,
          null,
          null
        ]
      },
      "/Users/tronkat/Turing/BackEnd/Mod3/projects/Jam_Session/app/controllers/users_controller.rb": {
        "lines": [
          1,
          null,
          1,
          31,
          null,
          null,
          1,
          6,
          null,
          null,
          1,
          4,
          4,
          1,
          1,
          null,
          3,
          3,
          null,
          null,
          null,
          1,
          2,
          2,
          null,
          null,
          1,
          2,
          2,
          2,
          null,
          null,
          1,
          29,
          29,
          null,
          null,
          1,
          1,
          1,
          1,
          1,
          null,
          null,
          1,
          null,
          1,
          6,
          null,
          null
        ]
      },
      "/Users/tronkat/Turing/BackEnd/Mod3/projects/Jam_Session/app/poros/search_results.rb": {
        "lines": [
          1,
          1,
          30,
          null,
          null,
          1,
          30,
          30,
          null,
          null
        ]
      },
      "/Users/tronkat/Turing/BackEnd/Mod3/projects/Jam_Session/app/services/quote_service.rb": {
        "lines": [
          1,
          1,
          30,
          30,
          null,
          null
        ]
      },
      "/Users/tronkat/Turing/BackEnd/Mod3/projects/Jam_Session/app/poros/quote.rb": {
        "lines": [
          1,
          1,
          1,
          30,
          30,
          null,
          null
        ]
      },
      "/Users/tronkat/Turing/BackEnd/Mod3/projects/Jam_Session/app/controllers/sessions_controller.rb": {
        "lines": [
          1,
          null,
          1,
          null,
          null,
          1,
          15,
          15,
          14,
          14,
          null,
          1,
          1,
          null,
          null,
          null,
          1,
          1,
          1,
          1,
          null,
          null,
          null,
          0,
          0,
          0,
          null,
          null,
          null,
          1,
          null,
          null,
          1,
          1,
          1,
          1,
          null,
          null,
          1,
          null,
          1,
          3,
          null,
          null
        ]
      },
      "/Users/tronkat/Turing/BackEnd/Mod3/projects/Jam_Session/app/controllers/study_sessions_controller.rb": {
        "lines": [
          1,
          1,
          null,
          1,
          16,
          null,
          null,
          1,
          6,
          null,
          null,
          1,
          5,
          5,
          5,
          4,
          null,
          1,
          1,
          null,
          null,
          null,
          1,
          4,
          null,
          null,
          1,
          1,
          1,
          1,
          null,
          null,
          1,
          null,
          1,
          5,
          5,
          5,
          5,
          3,
          null,
          2,
          null,
          5,
          null,
          null
        ]
      },
      "/Users/tronkat/Turing/BackEnd/Mod3/projects/Jam_Session/app/controllers/user_study_sessions_controller.rb": {
        "lines": [
          1,
          1,
          null,
          1,
          1,
          null,
          null,
          1,
          1,
          null,
          null,
          null
        ]
      },
      "/Users/tronkat/Turing/BackEnd/Mod3/projects/Jam_Session/app/mailers/application_mailer.rb": {
        "lines": [
          0,
          0,
          0,
          0
        ],
        "branches": {
        }
      },
      "/Users/tronkat/Turing/BackEnd/Mod3/projects/Jam_Session/app/jobs/application_job.rb": {
        "lines": [
          0,
          0
        ],
        "branches": {
        }
      },
      "/Users/tronkat/Turing/BackEnd/Mod3/projects/Jam_Session/app/channels/application_cable/connection.rb": {
        "lines": [
          0,
          0,
          0,
          0
        ],
        "branches": {
        }
      },
      "/Users/tronkat/Turing/BackEnd/Mod3/projects/Jam_Session/app/channels/application_cable/channel.rb": {
        "lines": [
          0,
          0,
          0,
          0
        ],
        "branches": {
        }
      }
    },
    "timestamp": 1591047998
  }
}
